<?xml version="1.0" encoding="UTF-8"?>
<!-- Generated by org.testng.reporters.JUnitReportReporter -->
<testsuite hostname="RFLX-PK2078" failures="0" tests="1" name="com.framework.testcases.LoginTestCRM" time="11.613" errors="0" timestamp="01 Sep 2021 09:58:37 GMT" skipped="0">
  <testcase classname="com.framework.testcases.LoginTestCRM" name="loginApp" time="11.613"/>
</testsuite> <!-- com.framework.testcases.LoginTestCRM -->
